# JRE version: OpenJDK Runtime Environment (8.0_242-b01) (build 1.8.0_242-release-1644-b01)
# Java VM: OpenJDK 64-Bit Server VM (25.242-b01 mixed mode windows-amd64 compressed oops)
Heap:
 PSYoungGen      total 56320K, used 10693K [0x00000000d5580000, 0x00000000d9400000, 0x0000000100000000)
  eden space 48640K, 6% used [0x00000000d5580000,0x00000000d58767d8,0x00000000d8500000)
  from space 7680K, 99% used [0x00000000d8500000,0x00000000d8c7ac50,0x00000000d8c80000)
  to   space 7680K, 0% used [0x00000000d8c80000,0x00000000d8c80000,0x00000000d9400000)
 ParOldGen       total 128512K, used 1016K [0x0000000080000000, 0x0000000087d80000, 0x00000000d5580000)
  object space 128512K, 0% used [0x0000000080000000,0x00000000800fe010,0x0000000087d80000)
 Metaspace       used 15868K, capacity 16382K, committed 16768K, reserved 1064960K
  class space    used 2151K, capacity 2321K, committed 2432K, reserved 1048576K
GC Heap History (6 events):
Event: 4.295 GC heap before
{Heap before GC invocations=1 (full 0):
 PSYoungGen      total 56320K, used 48640K [0x00000000d5580000, 0x00000000d9400000, 0x0000000100000000)
  eden space 48640K, 100% used [0x00000000d5580000,0x00000000d8500000,0x00000000d8500000)
  from space 7680K, 0% used [0x00000000d8c80000,0x00000000d8c80000,0x00000000d9400000)
  to   space 7680K, 0% used [0x00000000d8500000,0x00000000d8500000,0x00000000d8c80000)
 ParOldGen       total 128512K, used 0K [0x0000000080000000, 0x0000000087d80000, 0x00000000d5580000)
  object space 128512K, 0% used [0x0000000080000000,0x0000000080000000,0x0000000087d80000)
 Metaspace       used 7555K, capacity 7836K, committed 8064K, reserved 1056768K
  class space    used 924K, capacity 1036K, committed 1152K, reserved 1048576K
Event: 4.313 GC heap after
Heap after GC invocations=1 (full 0):
 PSYoungGen      total 56320K, used 4760K [0x00000000d5580000, 0x00000000d9400000, 0x0000000100000000)
  eden space 48640K, 0% used [0x00000000d5580000,0x00000000d5580000,0x00000000d8500000)
  from space 7680K, 61% used [0x00000000d8500000,0x00000000d89a61f0,0x00000000d8c80000)
  to   space 7680K, 0% used [0x00000000d8c80000,0x00000000d8c80000,0x00000000d9400000)
 ParOldGen       total 128512K, used 16K [0x0000000080000000, 0x0000000087d80000, 0x00000000d5580000)
  object space 128512K, 0% used [0x0000000080000000,0x0000000080004000,0x0000000087d80000)
 Metaspace       used 7555K, capacity 7836K, committed 8064K, reserved 1056768K
  class space    used 924K, capacity 1036K, committed 1152K, reserved 1048576K
}
Event: 7.647 GC heap before
{Heap before GC invocations=2 (full 0):
 PSYoungGen      total 56320K, used 53400K [0x00000000d5580000, 0x00000000d9400000, 0x0000000100000000)
  eden space 48640K, 100% used [0x00000000d5580000,0x00000000d8500000,0x00000000d8500000)
  from space 7680K, 61% used [0x00000000d8500000,0x00000000d89a61f0,0x00000000d8c80000)
  to   space 7680K, 0% used [0x00000000d8c80000,0x00000000d8c80000,0x00000000d9400000)
 ParOldGen       total 128512K, used 16K [0x0000000080000000, 0x0000000087d80000, 0x00000000d5580000)
  object space 128512K, 0% used [0x0000000080000000,0x0000000080004000,0x0000000087d80000)
 Metaspace       used 11835K, capacity 12142K, committed 12288K, reserved 1060864K
  class space    used 1568K, capacity 1691K, committed 1792K, reserved 1048576K
Event: 7.657 GC heap after
Heap after GC invocations=2 (full 0):
 PSYoungGen      total 56320K, used 6461K [0x00000000d5580000, 0x00000000d9400000, 0x0000000100000000)
  eden space 48640K, 0% used [0x00000000d5580000,0x00000000d5580000,0x00000000d8500000)
  from space 7680K, 84% used [0x00000000d8c80000,0x00000000d92cf760,0x00000000d9400000)
  to   space 7680K, 0% used [0x00000000d8500000,0x00000000d8500000,0x00000000d8c80000)
 ParOldGen       total 128512K, used 24K [0x0000000080000000, 0x0000000087d80000, 0x00000000d5580000)
  object space 128512K, 0% used [0x0000000080000000,0x0000000080006000,0x0000000087d80000)
 Metaspace       used 11835K, capacity 12142K, committed 12288K, reserved 1060864K
  class space    used 1568K, capacity 1691K, committed 1792K, reserved 1048576K
}
Event: 8.982 GC heap before
{Heap before GC invocations=3 (full 0):
 PSYoungGen      total 56320K, used 55101K [0x00000000d5580000, 0x00000000d9400000, 0x0000000100000000)
  eden space 48640K, 100% used [0x00000000d5580000,0x00000000d8500000,0x00000000d8500000)
  from space 7680K, 84% used [0x00000000d8c80000,0x00000000d92cf760,0x00000000d9400000)
  to   space 7680K, 0% used [0x00000000d8500000,0x00000000d8500000,0x00000000d8c80000)
 ParOldGen       total 128512K, used 24K [0x0000000080000000, 0x0000000087d80000, 0x00000000d5580000)
  object space 128512K, 0% used [0x0000000080000000,0x0000000080006000,0x0000000087d80000)
 Metaspace       used 15728K, capacity 16254K, committed 16512K, reserved 1062912K
  class space    used 2127K, capacity 2321K, committed 2432K, reserved 1048576K
Event: 9.008 GC heap after
Heap after GC invocations=3 (full 0):
 PSYoungGen      total 56320K, used 7659K [0x00000000d5580000, 0x00000000d9400000, 0x0000000100000000)
  eden space 48640K, 0% used [0x00000000d5580000,0x00000000d5580000,0x00000000d8500000)
  from space 7680K, 99% used [0x00000000d8500000,0x00000000d8c7ac50,0x00000000d8c80000)
  to   space 7680K, 0% used [0x00000000d8c80000,0x00000000d8c80000,0x00000000d9400000)
 ParOldGen       total 128512K, used 1016K [0x0000000080000000, 0x0000000087d80000, 0x00000000d5580000)
  object space 128512K, 0% used [0x0000000080000000,0x00000000800fe010,0x0000000087d80000)
 Metaspace       used 15728K, capacity 16254K, committed 16512K, reserved 1062912K
  class space    used 2127K, capacity 2321K, committed 2432K, reserved 1048576K
}

